#
# A fatal error has been detected by the Java Runtime Environment:
#
#  EXCEPTION_ACCESS_VIOLATION (0xc0000005) at pc=0x00007ffc04706184, pid=7376, tid=9896
#
# JRE version: OpenJDK Runtime Environment Temurin-17.0.10+7 (17.0.10+7) (build 17.0.10+7)
# Java VM: OpenJDK 64-Bit Server VM Temurin-17.0.10+7 (17.0.10+7, mixed mode, tiered, compressed oops, compressed class ptrs, parallel gc, windows-amd64)
# Problematic frame:
# V  [jvm.dll+0x566184]
#
# No core dump will be written. Minidumps are not enabled by default on client versions of Windows
#
# If you would like to submit a bug report, please visit:
#   https://github.com/adoptium/adoptium-support/issues
#

---------------  S U M M A R Y ------------

Command Line: --add-modules=ALL-SYSTEM --add-opens=java.base/java.util=ALL-UNNAMED --add-opens=java.base/java.lang=ALL-UNNAMED --add-opens=java.base/sun.nio.fs=ALL-UNNAMED -Declipse.application=org.eclipse.jdt.ls.core.id1 -Dosgi.bundles.defaultStartLevel=4 -Declipse.product=org.eclipse.jdt.ls.core.product -Djava.import.generatesMetadataFilesAtProjectRoot=false -DDetectVMInstallationsJob.disabled=true -Dfile.encoding=utf8 -XX:+UseParallelGC -XX:GCTimeRatio=4 -XX:AdaptiveSizePolicyWeight=90 -Dsun.zip.disableMemoryMapping=true -Xmx1G -Xms100m -Xlog:disable -javaagent:c:\Users\Odirlei Guilherme\.vscode\extensions\redhat.java-1.30.0-win32-x64\lombok\lombok-1.18.32.jar -XX:+HeapDumpOnOutOfMemoryError -XX:HeapDumpPath=c:\Users\Odirlei Guilherme\AppData\Roaming\Code\User\workspaceStorage\7bdc340cdfadbda19c5ded9333dd77da\redhat.java -Daether.dependencyCollector.impl=bf c:\Users\Odirlei Guilherme\.vscode\extensions\redhat.java-1.30.0-win32-x64\server\plugins\org.eclipse.equinox.launcher_1.6.800.v20240330-1250.jar -configuration c:\Users\Odirlei Guilherme\AppData\Roaming\Code\User\globalStorage\redhat.java\1.30.0\config_win -data c:\Users\Odirlei Guilherme\AppData\Roaming\Code\User\workspaceStorage\7bdc340cdfadbda19c5ded9333dd77da\redhat.java\jdt_ws --pipe=\\.\pipe\lsp-f85d921a1eab905a2b13e55922b4d70e-sock

Host: AMD Athlon(tm) II X2 250 Processor, 2 cores, 5G,  Windows 10 , 64 bit Build 19041 (10.0.19041.3636)
Time: Fri May 17 00:29:22 2024 Hora oficial do Brasil elapsed time: 2618.510256 seconds (0d 0h 43m 38s)

---------------  T H R E A D  ---------------

Current thread (0x000002701f56d0a0):  JavaThread "C2 CompilerThread0" daemon [_thread_in_native, id=9896, stack(0x000000d626e00000,0x000000d626f00000)]


Current CompileTask:
C2:2618510 16041       4       org.eclipse.jdt.internal.compiler.parser.Scanner::internalScanIdentifierOrKeyword (4773 bytes)

Stack: [0x000000d626e00000,0x000000d626f00000],  sp=0x000000d626efb600,  free space=1005k
Native frames: (J=compiled Java code, j=interpreted, Vv=VM code, C=native code)
V  [jvm.dll+0x566184]
V  [jvm.dll+0x566973]
V  [jvm.dll+0x1bca32]
V  [jvm.dll+0x21a049]
V  [jvm.dll+0x219311]
V  [jvm.dll+0x1a502d]
V  [jvm.dll+0x2290de]
V  [jvm.dll+0x2272ac]
V  [jvm.dll+0x7e9bb7]
V  [jvm.dll+0x7e3fba]
V  [jvm.dll+0x67c1b5]
C  [ucrtbase.dll+0x21bb2]
C  [KERNEL32.DLL+0x17344]
C  [ntdll.dll+0x526b1]


siginfo: EXCEPTION_ACCESS_VIOLATION (0xc0000005), reading address 0x0000000900000005


Registers:
RAX=0x00000270300d1120, RBX=0x0000000000000002, RCX=0x0000000900000005, RDX=0x000002702661cd60
RSP=0x000000d626efb600, RBP=0x0000000000000004, RSI=0x0000000000000000, RDI=0x0000027024af5510
R8 =0x00007ffc04d23d88, R9 =0x0000000000000001, R10=0x0000000000021660, R11=0x0000000000000357
R12=0x00000270300d3110, R13=0x000000d626efb8b0, R14=0x0000000000000000, R15=0x00000270269d9550
RIP=0x00007ffc04706184, EFLAGS=0x0000000000010202


Register to memory mapping:

RIP=0x00007ffc04706184 jvm.dll
RAX=0x00000270300d1120 points into unknown readable memory: 0x0000000900000005 | 05 00 00 00 09 00 00 00
RBX=0x0000000000000002 is an unknown value
RCX=0x0000000900000005 is an unknown value
RDX=0x000002702661cd60 points into unknown readable memory: 0x0000000000000004 | 04 00 00 00 00 00 00 00
RSP=0x000000d626efb600 is pointing into the stack for thread: 0x000002701f56d0a0
RBP=0x0000000000000004 is an unknown value
RSI=0x0 is NULL
RDI=0x0000027024af5510 points into unknown readable memory: 0x0000000000000000 | 00 00 00 00 00 00 00 00
R8 =0x00007ffc04d23d88 jvm.dll
R9 =0x0000000000000001 is an unknown value
R10=0x0000000000021660 is an unknown value
R11=0x0000000000000357 is an unknown value
R12=0x00000270300d3110 points into unknown readable memory: 0x0000000000000000 | 00 00 00 00 00 00 00 00
R13=0x000000d626efb8b0 is pointing into the stack for thread: 0x000002701f56d0a0
R14=0x0 is NULL
R15=0x00000270269d9550 points into unknown readable memory: 0x0000000100000001 | 01 00 00 00 01 00 00 00


Top of Stack: (sp=0x000000d626efb600)
0x000000d626efb600:   0000000000000002 0000027024af5510
0x000000d626efb610:   000000d626efe520 000000d626efb8b0
0x000000d626efb620:   0000000000000402 0000000100000002
0x000000d626efb630:   0000000100000001 00000270265e2c40
0x000000d626efb640:   0000027024af5480 0000027024af5470
0x000000d626efb650:   00000270300d1bd0 0000027026c2c998
0x000000d626efb660:   0000000000000001 000000d626efb8b0
0x000000d626efb670:   0000027024af5470 0000000000000006
0x000000d626efb680:   0000000000000030 0000000000000000
0x000000d626efb690:   0000027026c2bd08 00007ffc04706973
0x000000d626efb6a0:   00000270300d3110 0000027026c2c998
0x000000d626efb6b0:   0000000000000000 000000d626efb708
0x000000d626efb6c0:   000002700962abd8 0000000000000020
0x000000d626efb6d0:   0000027024af5470 0000000000000030
0x000000d626efb6e0:   000002701f560320 00000270268e7e80
0x000000d626efb6f0:   0000000000114198 00000270268ed900
0x000000d626efb700:   00000270268efe68 00007ffc00000020
0x000000d626efb710:   0000027024af6d70 000000d600000020
0x000000d626efb720:   000002701f560320 0000000000000000
0x000000d626efb730:   0000000000032eb0 00000270266e1420
0x000000d626efb740:   00000000000003d8 00000270266e1808
0x000000d626efb750:   00000270266e1430 0000000000000000
0x000000d626efb760:   000000d626efbcb0 000000d626efb880
0x000000d626efb770:   000000d626efbbd0 00007ffc0435ca32
0x000000d626efb780:   000000d60000007f 000000d600000001
0x000000d626efb790:   0000027026c2bd08 0000000000000050
0x000000d626efb7a0:   0000000000000000 0000000000000000
0x000000d626efb7b0:   0000000000000006 00000270266e1420
0x000000d626efb7c0:   0000027026617fa0 000002702661d290
0x000000d626efb7d0:   000002702661ff88 00000000000a7118
0x000000d626efb7e0:   0000000000000000 0000000000000000
0x000000d626efb7f0:   0000000000000000 0000000000000000 

Instructions: (pc=0x00007ffc04706184)
0x00007ffc04706084:   3e 00 0f 84 6f 01 00 00 48 8b 46 08 4c 8d 05 f1
0x00007ffc04706094:   dc 61 00 8b 4e 04 33 d2 4c 8b a4 24 a0 00 00 00
0x00007ffc047060a4:   8b da 48 89 54 24 20 89 54 24 28 48 89 54 24 38
0x00007ffc047060b4:   48 89 44 24 40 48 c7 44 24 2c 04 00 00 00 89 4c
0x00007ffc047060c4:   24 34 48 89 74 24 48 4c 89 74 24 60 48 85 d2 74
0x00007ffc047060d4:   19 48 0f bc c2 8b c8 48 d3 ea 48 ff ca 03 d8 48
0x00007ffc047060e4:   89 54 24 20 89 5c 24 28 eb 28 83 7c 24 2c 04 72
0x00007ffc047060f4:   0e 8b 44 24 34 39 44 24 30 0f 83 db 00 00 00 48
0x00007ffc04706104:   8d 4c 24 20 e8 83 56 e0 ff 8b d8 4c 8d 05 72 dc
0x00007ffc04706114:   61 00 85 db 0f 84 c0 00 00 00 8b c3 48 c1 e8 08
0x00007ffc04706124:   8b f3 4c 8d 34 c5 00 00 00 00 49 8b 47 08 49 8b
0x00007ffc04706134:   14 06 49 3b d0 75 14 8b d3 49 8b cf e8 0b 58 e0
0x00007ffc04706144:   ff 48 8b d0 4c 8d 05 39 dc 61 00 40 0f b6 ce bd
0x00007ffc04706154:   01 00 00 00 48 c1 ee 06 80 e1 3f 83 e6 03 48 d3
0x00007ffc04706164:   e5 48 8b 0c f2 48 8b c1 48 0b c5 48 89 04 f2 48
0x00007ffc04706174:   85 cd 75 48 41 ff 07 49 8b 44 24 08 4a 8b 0c 30
0x00007ffc04706184:   48 85 2c f1 75 36 48 8b 47 08 49 8b 14 06 49 3b
0x00007ffc04706194:   d0 75 14 8b d3 48 8b cf e8 af 57 e0 ff 48 8b d0
0x00007ffc047061a4:   4c 8d 05 dd db 61 00 48 8b 0c f2 48 8b c1 48 0b
0x00007ffc047061b4:   c5 48 89 04 f2 48 85 cd 74 10 66 90 8b 5c 24 28
0x00007ffc047061c4:   48 8b 54 24 20 e9 02 ff ff ff ff 07 8b 5c 24 28
0x00007ffc047061d4:   48 8b 54 24 20 e9 f2 fe ff ff 4c 8b a4 24 a8 00
0x00007ffc047061e4:   00 00 48 8b 9c 24 b0 00 00 00 48 8b ac 24 b8 00
0x00007ffc047061f4:   00 00 4c 8b 74 24 60 83 3f 00 4c 8b 7c 24 58 48
0x00007ffc04706204:   8b 74 24 68 74 4b 41 8b 4c 24 4c 49 8b 45 28 ff
0x00007ffc04706214:   c9 48 89 3c c8 48 85 db 75 46 41 8b 4c 24 4c 8b
0x00007ffc04706224:   c1 c1 e8 05 3b 45 00 73 37 8b d0 83 e1 1f 48 8b
0x00007ffc04706234:   45 08 8b 04 90 0f a3 c8 73 26 49 8b 4d 38 49 8b
0x00007ffc04706244:   d4 48 83 c4 70 41 5d 41 5c 5f 5d 5b e9 bb c2 bb
0x00007ffc04706254:   ff 49 8b 45 30 48 89 87 98 00 00 00 49 89 7d 30
0x00007ffc04706264:   48 83 c4 70 41 5d 41 5c 5f 5d 5b c3 40 53 55 56
0x00007ffc04706274:   57 41 54 41 55 41 56 41 57 48 81 ec 98 00 00 00 


Stack slot to memory mapping:
stack at sp + 0 slots: 0x0000000000000002 is an unknown value
stack at sp + 1 slots: 0x0000027024af5510 points into unknown readable memory: 0x0000000000000000 | 00 00 00 00 00 00 00 00
stack at sp + 2 slots: 0x000000d626efe520 is pointing into the stack for thread: 0x000002701f56d0a0
stack at sp + 3 slots: 0x000000d626efb8b0 is pointing into the stack for thread: 0x000002701f56d0a0
stack at sp + 4 slots: 0x0000000000000402 is an unknown value
stack at sp + 5 slots: 0x0000000100000002 is pointing into metadata
stack at sp + 6 slots: 0x0000000100000001 is pointing into metadata
stack at sp + 7 slots: 0x00000270265e2c40 points into unknown readable memory: 0x000000000000100c | 0c 10 00 00 00 00 00 00


---------------  P R O C E S S  ---------------

Threads class SMR info:
_java_thread_list=0x000002702571a450, length=36, elements={
0x000002700b73f940, 0x000002701f540740, 0x000002701f543df0, 0x000002701f569030,
0x000002701f569cb0, 0x000002701f56a930, 0x000002701f56c300, 0x000002701f56d0a0,
0x000002701f5d2c70, 0x000002701f5d7950, 0x000002700b7a2570, 0x000002702435b170,
0x000002702494a7b0, 0x0000027024bb7d80, 0x0000027024bc4b60, 0x0000027024b52930,
0x0000027025425010, 0x0000027025102d80, 0x00000270250ffae0, 0x0000027025100500,
0x0000027025100a10, 0x0000027025101e50, 0x0000027025102360, 0x0000027025102870,
0x0000027026781df0, 0x000002702677fa80, 0x00000270267809b0, 0x0000027026783230,
0x00000270267804a0, 0x0000027026785ab0, 0x0000027026782d20, 0x0000027026782300,
0x0000027026784160, 0x0000027026782810, 0x00000270267855a0, 0x0000027026784b80
}

Java Threads: ( => current thread )
  0x000002700b73f940 JavaThread "main" [_thread_blocked, id=9900, stack(0x000000d626400000,0x000000d626500000)]
  0x000002701f540740 JavaThread "Reference Handler" daemon [_thread_blocked, id=8276, stack(0x000000d626800000,0x000000d626900000)]
  0x000002701f543df0 JavaThread "Finalizer" daemon [_thread_blocked, id=9804, stack(0x000000d626900000,0x000000d626a00000)]
  0x000002701f569030 JavaThread "Signal Dispatcher" daemon [_thread_blocked, id=6208, stack(0x000000d626a00000,0x000000d626b00000)]
  0x000002701f569cb0 JavaThread "Attach Listener" daemon [_thread_blocked, id=4028, stack(0x000000d626b00000,0x000000d626c00000)]
  0x000002701f56a930 JavaThread "Service Thread" daemon [_thread_blocked, id=8900, stack(0x000000d626c00000,0x000000d626d00000)]
  0x000002701f56c300 JavaThread "Monitor Deflation Thread" daemon [_thread_blocked, id=1548, stack(0x000000d626d00000,0x000000d626e00000)]
=>0x000002701f56d0a0 JavaThread "C2 CompilerThread0" daemon [_thread_in_native, id=9896, stack(0x000000d626e00000,0x000000d626f00000)]
  0x000002701f5d2c70 JavaThread "C1 CompilerThread0" daemon [_thread_in_native, id=1360, stack(0x000000d626f00000,0x000000d627000000)]
  0x000002701f5d7950 JavaThread "Sweeper thread" daemon [_thread_blocked, id=8352, stack(0x000000d627000000,0x000000d627100000)]
  0x000002700b7a2570 JavaThread "Common-Cleaner" daemon [_thread_blocked, id=11212, stack(0x000000d627100000,0x000000d627200000)]
  0x000002702435b170 JavaThread "Notification Thread" daemon [_thread_blocked, id=11912, stack(0x000000d627200000,0x000000d627300000)]
  0x000002702494a7b0 JavaThread "Active Thread: Equinox Container: e47f28f2-ec07-4ed4-b9aa-ff14df5e71c5" [_thread_blocked, id=10096, stack(0x000000d627500000,0x000000d627600000)]
  0x0000027024bb7d80 JavaThread "Framework Event Dispatcher: Equinox Container: e47f28f2-ec07-4ed4-b9aa-ff14df5e71c5" daemon [_thread_blocked, id=8512, stack(0x000000d627600000,0x000000d627700000)]
  0x0000027024bc4b60 JavaThread "Start Level: Equinox Container: e47f28f2-ec07-4ed4-b9aa-ff14df5e71c5" daemon [_thread_blocked, id=9980, stack(0x000000d627700000,0x000000d627800000)]
  0x0000027024b52930 JavaThread "Bundle File Closer" daemon [_thread_blocked, id=11828, stack(0x000000d627800000,0x000000d627900000)]
  0x0000027025425010 JavaThread "SCR Component Actor" daemon [_thread_blocked, id=6968, stack(0x000000d627900000,0x000000d627a00000)]
  0x0000027025102d80 JavaThread "Worker-JM" [_thread_blocked, id=5136, stack(0x000000d627b00000,0x000000d627c00000)]
  0x00000270250ffae0 JavaThread "Worker-1" [_thread_blocked, id=6252, stack(0x000000d627d00000,0x000000d627e00000)]
  0x0000027025100500 JavaThread "Java indexing" daemon [_thread_blocked, id=4876, stack(0x000000d628000000,0x000000d628100000)]
  0x0000027025100a10 JavaThread "JNA Cleaner" daemon [_thread_blocked, id=10976, stack(0x000000d627a00000,0x000000d627b00000)]
  0x0000027025101e50 JavaThread "Thread-2" daemon [_thread_in_native, id=12228, stack(0x000000d628300000,0x000000d628400000)]
  0x0000027025102360 JavaThread "Thread-3" daemon [_thread_in_native, id=10344, stack(0x000000d628400000,0x000000d628500000)]
  0x0000027025102870 JavaThread "Thread-4" daemon [_thread_in_native, id=240, stack(0x000000d628500000,0x000000d628600000)]
  0x0000027026781df0 JavaThread "pool-2-thread-1" [_thread_blocked, id=5776, stack(0x000000d628600000,0x000000d628700000)]
  0x000002702677fa80 JavaThread "WorkspaceEventsHandler" [_thread_blocked, id=9312, stack(0x000000d628700000,0x000000d628800000)]
  0x00000270267809b0 JavaThread "pool-1-thread-1" [_thread_blocked, id=11736, stack(0x000000d628800000,0x000000d628900000)]
  0x0000027026783230 JavaThread "Cleaner-0" daemon [_thread_blocked, id=10352, stack(0x000000d628f00000,0x000000d629000000)]
  0x00000270267804a0 JavaThread "Java Debug Server" [_thread_in_native, id=8564, stack(0x000000d627c00000,0x000000d627d00000)]
  0x0000027026785ab0 JavaThread "RxSchedulerPurge-1" daemon [_thread_blocked, id=7848, stack(0x000000d626500000,0x000000d626600000)]
  0x0000027026782d20 JavaThread "RxCachedWorkerPoolEvictor-1" daemon [_thread_blocked, id=6216, stack(0x000000d628100000,0x000000d628200000)]
  0x0000027026782300 JavaThread "Worker-6" [_thread_blocked, id=7744, stack(0x000000d626300000,0x000000d626400000)]
  0x0000027026784160 JavaThread "ForkJoinPool.commonPool-worker-8" daemon [_thread_blocked, id=10048, stack(0x000000d628200000,0x000000d628300000)]
  0x0000027026782810 JavaThread "Worker-7" [_thread_blocked, id=9780, stack(0x000000d627e00000,0x000000d627f00000)]
  0x00000270267855a0 JavaThread "pool-1-thread-3" [_thread_blocked, id=8328, stack(0x000000d627f00000,0x000000d628000000)]
  0x0000027026784b80 JavaThread "pool-1-thread-4" [_thread_in_vm, id=11504, stack(0x000000d628900000,0x000000d628a00000)]

Other Threads:
  0x000002700b7fe990 VMThread "VM Thread" [stack: 0x000000d626700000,0x000000d626800000] [id=9516]
  0x000002702435b650 WatcherThread [stack: 0x000000d627300000,0x000000d627400000] [id=10852]
  0x000002700b756b70 GCTaskThread "GC Thread#0" [stack: 0x000000d626600000,0x000000d626700000] [id=2888]
  0x00000270248aab30 GCTaskThread "GC Thread#1" [stack: 0x000000d627400000,0x000000d627500000] [id=1312]

Threads with active compile tasks:
C2 CompilerThread0  2618557 16041       4       org.eclipse.jdt.internal.compiler.parser.Scanner::internalScanIdentifierOrKeyword (4773 bytes)
C1 CompilerThread0  2618557 16096       2       org.eclipse.jdt.internal.compiler.parser.Parser::consumeRule (7943 bytes)

VM state: not at safepoint (normal execution)

VM Mutex/Monitor currently owned by a thread: None

Heap address: 0x00000000c0000000, size: 1024 MB, Compressed Oops mode: 32-bit

CDS archive(s) not mapped
Compressed class space mapped at: 0x0000000100000000-0x0000000140000000, reserved size: 1073741824
Narrow klass base: 0x0000000000000000, Narrow klass shift: 3, Narrow klass range: 0x140000000

GC Precious Log:
 CPUs: 2 total, 2 available
 Memory: 6142M
 Large Page Support: Disabled
 NUMA Support: Disabled
 Compressed Oops: Enabled (32-bit)
 Alignments: Space 512K, Generation 512K, Heap 2M
 Heap Min Capacity: 100M
 Heap Initial Capacity: 100M
 Heap Max Capacity: 1G
 Pre-touch: Disabled
 Parallel Workers: 2

Heap:
 PSYoungGen      total 4608K, used 3079K [0x00000000eab00000, 0x00000000eb300000, 0x0000000100000000)
  eden space 4096K, 68% used [0x00000000eab00000,0x00000000eadbf848,0x00000000eaf00000)
  from space 512K, 51% used [0x00000000eb280000,0x00000000eb2c2770,0x00000000eb300000)
  to   space 512K, 0% used [0x00000000eb200000,0x00000000eb200000,0x00000000eb280000)
 ParOldGen       total 71168K, used 63043K [0x00000000c0000000, 0x00000000c4580000, 0x00000000eab00000)
  object space 71168K, 88% used [0x00000000c0000000,0x00000000c3d90c48,0x00000000c4580000)
 Metaspace       used 87281K, committed 88576K, reserved 1179648K
  class space    used 9112K, committed 9728K, reserved 1048576K

Card table byte_map: [0x000002700b0e0000,0x000002700b2f0000] _byte_map_base: 0x000002700aae0000

Marking Bits: (ParMarkBitMap*) 0x00007ffc04d3d7d0
 Begin Bits: [0x000002701d3e0000, 0x000002701e3e0000)
 End Bits:   [0x000002701e3e0000, 0x000002701f3e0000)

Polling page: 0x00000270094e0000

Metaspace:

Usage:
  Non-class:     76.34 MB used.
      Class:      8.90 MB used.
       Both:     85.24 MB used.

Virtual space:
  Non-class space:      128.00 MB reserved,      77.00 MB ( 60%) committed,  2 nodes.
      Class space:        1.00 GB reserved,       9.50 MB ( <1%) committed,  1 nodes.
             Both:        1.12 GB reserved,      86.50 MB (  8%) committed. 

Chunk freelists:
   Non-Class:  2.25 MB
       Class:  6.37 MB
        Both:  8.62 MB

MaxMetaspaceSize: unlimited
CompressedClassSpaceSize: 1.00 GB
Initial GC threshold: 21.00 MB
Current GC threshold: 144.00 MB
CDS: off
MetaspaceReclaimPolicy: balanced
 - commit_granule_bytes: 65536.
 - commit_granule_words: 8192.
 - virtual_space_node_default_size: 8388608.
 - enlarge_chunks_in_place: 1.
 - new_chunks_are_fully_committed: 0.
 - uncommit_free_chunks: 1.
 - use_allocation_guard: 0.
 - handle_deallocations: 1.


Internal statistics:

num_allocs_failed_limit: 9.
num_arena_births: 978.
num_arena_deaths: 182.
num_vsnodes_births: 3.
num_vsnodes_deaths: 0.
num_space_committed: 1384.
num_space_uncommitted: 0.
num_chunks_returned_to_freelist: 212.
num_chunks_taken_from_freelist: 4680.
num_chunk_merges: 81.
num_chunk_splits: 2923.
num_chunks_enlarged: 1800.
num_inconsistent_stats: 0.

CodeHeap 'non-profiled nmethods': size=120064Kb used=10670Kb max_used=10670Kb free=109393Kb
 bounds [0x0000027015ea0000, 0x0000027016910000, 0x000002701d3e0000]
CodeHeap 'profiled nmethods': size=120000Kb used=28846Kb max_used=28846Kb free=91154Kb
 bounds [0x000002700e3e0000, 0x0000027010010000, 0x0000027015910000]
CodeHeap 'non-nmethods': size=5696Kb used=1414Kb max_used=1468Kb free=4282Kb
 bounds [0x0000027015910000, 0x0000027015b80000, 0x0000027015ea0000]
 total_blobs=13377 nmethods=12595 adapters=692
 compilation: enabled
              stopped_count=0, restarted_count=0
 full_count=0

Compilation events (20 events):
Event: 2618.455 Thread 0x000002701f5d2c70 16076       3       lombok.eclipse.EclipseAST::buildAnnotation (43 bytes)
Event: 2618.456 Thread 0x000002701f5d2c70 nmethod 16076 0x000002700fff8790 code [0x000002700fff89a0, 0x000002700fff9338]
Event: 2618.462 Thread 0x000002701f5d2c70 16077       3       lombok.eclipse.TransformEclipseAST$AnnotationVisitor::visitAnnotationOnField (41 bytes)
Event: 2618.462 Thread 0x000002701f5d2c70 nmethod 16077 0x000002700fff9590 code [0x000002700fff9780, 0x000002700fff9e88]
Event: 2618.463 Thread 0x000002701f5d2c70 16078       3       org.eclipse.jdt.internal.compiler.ast.ParameterizedSingleTypeReference::getParameterizedTypeName (169 bytes)
Event: 2618.464 Thread 0x000002701f5d2c70 nmethod 16078 0x000002700fffa110 code [0x000002700fffa3a0, 0x000002700fffb058]
Event: 2618.465 Thread 0x000002701f5d2c70 16079       3       org.eclipse.jdt.internal.core.SourceMapper::findMatchingGenericEnd (72 bytes)
Event: 2618.465 Thread 0x000002701f5d2c70 nmethod 16079 0x000002700fffb590 code [0x000002700fffb740, 0x000002700fffba38]
Event: 2618.465 Thread 0x000002701f5d2c70 16080       3       org.eclipse.jdt.core.Signature::appendTypeArgumentSignatures (117 bytes)
Event: 2618.470 Thread 0x000002701f5d2c70 nmethod 16080 0x000002700fffbb90 code [0x000002700fffc3a0, 0x0000027010000728]
Event: 2618.472 Thread 0x000002701f5d2c70 16081       3       org.eclipse.jdt.internal.core.BinaryType::getPackageFragment (41 bytes)
Event: 2618.472 Thread 0x000002701f5d2c70 nmethod 16081 0x0000027010002110 code [0x0000027010002320, 0x0000027010002b48]
Event: 2618.474 Thread 0x000002701f5d2c70 16082       3       org.eclipse.jdt.internal.compiler.SourceElementNotifier::getInterfaceNames (117 bytes)
Event: 2618.475 Thread 0x000002701f5d2c70 nmethod 16082 0x0000027010002e10 code [0x0000027010003020, 0x0000027010003938]
Event: 2618.475 Thread 0x000002701f5d2c70 16083       3       org.eclipse.jdt.internal.compiler.SourceElementNotifier::getSuperclassName (23 bytes)
Event: 2618.475 Thread 0x000002701f5d2c70 nmethod 16083 0x0000027010003c10 code [0x0000027010003de0, 0x0000027010004058]
Event: 2618.483 Thread 0x000002701f5d2c70 16084       3       org.eclipse.jdt.internal.compiler.ast.Wildcard::getParameterizedTypeName (97 bytes)
Event: 2618.483 Thread 0x000002701f5d2c70 nmethod 16084 0x0000027010004190 code [0x00000270100043c0, 0x0000027010004d58]
Event: 2618.484 Thread 0x000002701f5d2c70 16085       3       org.eclipse.jdt.internal.core.SourceRefElement::getHandleMemento (30 bytes)
Event: 2618.484 Thread 0x000002701f5d2c70 nmethod 16085 0x0000027010005010 code [0x0000027010005240, 0x00000270100059a8]

GC Heap History (20 events):
Event: 2617.993 GC heap before
{Heap before GC invocations=695 (full 16):
 PSYoungGen      total 4608K, used 3063K [0x00000000eab00000, 0x00000000eb400000, 0x0000000100000000)
  eden space 4096K, 73% used [0x00000000eab00000,0x00000000eadedea0,0x00000000eaf00000)
  from space 512K, 12% used [0x00000000eb300000,0x00000000eb310000,0x00000000eb380000)
  to   space 512K, 0% used [0x00000000eb380000,0x00000000eb380000,0x00000000eb400000)
 ParOldGen       total 71168K, used 51723K [0x00000000c0000000, 0x00000000c4580000, 0x00000000eab00000)
  object space 71168K, 72% used [0x00000000c0000000,0x00000000c3282cc8,0x00000000c4580000)
 Metaspace       used 87225K, committed 88576K, reserved 1179648K
  class space    used 9111K, committed 9728K, reserved 1048576K
}
Event: 2617.998 GC heap after
{Heap after GC invocations=695 (full 16):
 PSYoungGen      total 4608K, used 505K [0x00000000eab00000, 0x00000000eb400000, 0x0000000100000000)
  eden space 4096K, 0% used [0x00000000eab00000,0x00000000eab00000,0x00000000eaf00000)
  from space 512K, 98% used [0x00000000eb380000,0x00000000eb3fe580,0x00000000eb400000)
  to   space 1024K, 0% used [0x00000000eb200000,0x00000000eb200000,0x00000000eb300000)
 ParOldGen       total 71168K, used 52051K [0x00000000c0000000, 0x00000000c4580000, 0x00000000eab00000)
  object space 71168K, 73% used [0x00000000c0000000,0x00000000c32d4cc8,0x00000000c4580000)
 Metaspace       used 87225K, committed 88576K, reserved 1179648K
  class space    used 9111K, committed 9728K, reserved 1048576K
}
Event: 2618.058 GC heap before
{Heap before GC invocations=696 (full 16):
 PSYoungGen      total 4608K, used 4601K [0x00000000eab00000, 0x00000000eb400000, 0x0000000100000000)
  eden space 4096K, 100% used [0x00000000eab00000,0x00000000eaf00000,0x00000000eaf00000)
  from space 512K, 98% used [0x00000000eb380000,0x00000000eb3fe580,0x00000000eb400000)
  to   space 1024K, 0% used [0x00000000eb200000,0x00000000eb200000,0x00000000eb300000)
 ParOldGen       total 71168K, used 52051K [0x00000000c0000000, 0x00000000c4580000, 0x00000000eab00000)
  object space 71168K, 73% used [0x00000000c0000000,0x00000000c32d4cc8,0x00000000c4580000)
 Metaspace       used 87230K, committed 88576K, reserved 1179648K
  class space    used 9111K, committed 9728K, reserved 1048576K
}
Event: 2618.060 GC heap after
{Heap after GC invocations=696 (full 16):
 PSYoungGen      total 5120K, used 411K [0x00000000eab00000, 0x00000000eb400000, 0x0000000100000000)
  eden space 4096K, 0% used [0x00000000eab00000,0x00000000eab00000,0x00000000eaf00000)
  from space 1024K, 40% used [0x00000000eb200000,0x00000000eb266fb8,0x00000000eb300000)
  to   space 1024K, 0% used [0x00000000eb300000,0x00000000eb300000,0x00000000eb400000)
 ParOldGen       total 71168K, used 52558K [0x00000000c0000000, 0x00000000c4580000, 0x00000000eab00000)
  object space 71168K, 73% used [0x00000000c0000000,0x00000000c3353bf0,0x00000000c4580000)
 Metaspace       used 87230K, committed 88576K, reserved 1179648K
  class space    used 9111K, committed 9728K, reserved 1048576K
}
Event: 2618.079 GC heap before
{Heap before GC invocations=697 (full 16):
 PSYoungGen      total 5120K, used 2812K [0x00000000eab00000, 0x00000000eb400000, 0x0000000100000000)
  eden space 4096K, 58% used [0x00000000eab00000,0x00000000ead581e0,0x00000000eaf00000)
  from space 1024K, 40% used [0x00000000eb200000,0x00000000eb266fb8,0x00000000eb300000)
  to   space 1024K, 0% used [0x00000000eb300000,0x00000000eb300000,0x00000000eb400000)
 ParOldGen       total 71168K, used 52558K [0x00000000c0000000, 0x00000000c4580000, 0x00000000eab00000)
  object space 71168K, 73% used [0x00000000c0000000,0x00000000c3353bf0,0x00000000c4580000)
 Metaspace       used 87230K, committed 88576K, reserved 1179648K
  class space    used 9111K, committed 9728K, reserved 1048576K
}
Event: 2618.080 GC heap after
{Heap after GC invocations=697 (full 16):
 PSYoungGen      total 4608K, used 64K [0x00000000eab00000, 0x00000000eb380000, 0x0000000100000000)
  eden space 4096K, 0% used [0x00000000eab00000,0x00000000eab00000,0x00000000eaf00000)
  from space 512K, 12% used [0x00000000eb300000,0x00000000eb310000,0x00000000eb380000)
  to   space 512K, 0% used [0x00000000eb280000,0x00000000eb280000,0x00000000eb300000)
 ParOldGen       total 71168K, used 52864K [0x00000000c0000000, 0x00000000c4580000, 0x00000000eab00000)
  object space 71168K, 74% used [0x00000000c0000000,0x00000000c33a0028,0x00000000c4580000)
 Metaspace       used 87230K, committed 88576K, reserved 1179648K
  class space    used 9111K, committed 9728K, reserved 1048576K
}
Event: 2618.096 GC heap before
{Heap before GC invocations=698 (full 16):
 PSYoungGen      total 4608K, used 4051K [0x00000000eab00000, 0x00000000eb380000, 0x0000000100000000)
  eden space 4096K, 97% used [0x00000000eab00000,0x00000000eaee4e80,0x00000000eaf00000)
  from space 512K, 12% used [0x00000000eb300000,0x00000000eb310000,0x00000000eb380000)
  to   space 512K, 0% used [0x00000000eb280000,0x00000000eb280000,0x00000000eb300000)
 ParOldGen       total 71168K, used 52864K [0x00000000c0000000, 0x00000000c4580000, 0x00000000eab00000)
  object space 71168K, 74% used [0x00000000c0000000,0x00000000c33a0028,0x00000000c4580000)
 Metaspace       used 87230K, committed 88576K, reserved 1179648K
  class space    used 9111K, committed 9728K, reserved 1048576K
}
Event: 2618.098 GC heap after
{Heap after GC invocations=698 (full 16):
 PSYoungGen      total 4608K, used 64K [0x00000000eab00000, 0x00000000eb380000, 0x0000000100000000)
  eden space 4096K, 0% used [0x00000000eab00000,0x00000000eab00000,0x00000000eaf00000)
  from space 512K, 12% used [0x00000000eb280000,0x00000000eb290000,0x00000000eb300000)
  to   space 512K, 0% used [0x00000000eb300000,0x00000000eb300000,0x00000000eb380000)
 ParOldGen       total 71168K, used 56428K [0x00000000c0000000, 0x00000000c4580000, 0x00000000eab00000)
  object space 71168K, 79% used [0x00000000c0000000,0x00000000c371b288,0x00000000c4580000)
 Metaspace       used 87230K, committed 88576K, reserved 1179648K
  class space    used 9111K, committed 9728K, reserved 1048576K
}
Event: 2618.182 GC heap before
{Heap before GC invocations=699 (full 16):
 PSYoungGen      total 4608K, used 2832K [0x00000000eab00000, 0x00000000eb380000, 0x0000000100000000)
  eden space 4096K, 67% used [0x00000000eab00000,0x00000000eadb4048,0x00000000eaf00000)
  from space 512K, 12% used [0x00000000eb280000,0x00000000eb290000,0x00000000eb300000)
  to   space 512K, 0% used [0x00000000eb300000,0x00000000eb300000,0x00000000eb380000)
 ParOldGen       total 71168K, used 56428K [0x00000000c0000000, 0x00000000c4580000, 0x00000000eab00000)
  object space 71168K, 79% used [0x00000000c0000000,0x00000000c371b288,0x00000000c4580000)
 Metaspace       used 87230K, committed 88576K, reserved 1179648K
  class space    used 9111K, committed 9728K, reserved 1048576K
}
Event: 2618.183 GC heap after
{Heap after GC invocations=699 (full 16):
 PSYoungGen      total 4608K, used 64K [0x00000000eab00000, 0x00000000eb380000, 0x0000000100000000)
  eden space 4096K, 0% used [0x00000000eab00000,0x00000000eab00000,0x00000000eaf00000)
  from space 512K, 12% used [0x00000000eb300000,0x00000000eb310000,0x00000000eb380000)
  to   space 512K, 0% used [0x00000000eb280000,0x00000000eb280000,0x00000000eb300000)
 ParOldGen       total 71168K, used 56436K [0x00000000c0000000, 0x00000000c4580000, 0x00000000eab00000)
  object space 71168K, 79% used [0x00000000c0000000,0x00000000c371d288,0x00000000c4580000)
 Metaspace       used 87230K, committed 88576K, reserved 1179648K
  class space    used 9111K, committed 9728K, reserved 1048576K
}
Event: 2618.205 GC heap before
{Heap before GC invocations=700 (full 16):
 PSYoungGen      total 4608K, used 4160K [0x00000000eab00000, 0x00000000eb380000, 0x0000000100000000)
  eden space 4096K, 100% used [0x00000000eab00000,0x00000000eaf00000,0x00000000eaf00000)
  from space 512K, 12% used [0x00000000eb300000,0x00000000eb310000,0x00000000eb380000)
  to   space 512K, 0% used [0x00000000eb280000,0x00000000eb280000,0x00000000eb300000)
 ParOldGen       total 71168K, used 56436K [0x00000000c0000000, 0x00000000c4580000, 0x00000000eab00000)
  object space 71168K, 79% used [0x00000000c0000000,0x00000000c371d288,0x00000000c4580000)
 Metaspace       used 87231K, committed 88576K, reserved 1179648K
  class space    used 9111K, committed 9728K, reserved 1048576K
}
Event: 2618.208 GC heap after
{Heap after GC invocations=700 (full 16):
 PSYoungGen      total 4608K, used 192K [0x00000000eab00000, 0x00000000eb380000, 0x0000000100000000)
  eden space 4096K, 0% used [0x00000000eab00000,0x00000000eab00000,0x00000000eaf00000)
  from space 512K, 37% used [0x00000000eb280000,0x00000000eb2b0020,0x00000000eb300000)
  to   space 512K, 0% used [0x00000000eb300000,0x00000000eb300000,0x00000000eb380000)
 ParOldGen       total 71168K, used 59993K [0x00000000c0000000, 0x00000000c4580000, 0x00000000eab00000)
  object space 71168K, 84% used [0x00000000c0000000,0x00000000c3a964e8,0x00000000c4580000)
 Metaspace       used 87231K, committed 88576K, reserved 1179648K
  class space    used 9111K, committed 9728K, reserved 1048576K
}
Event: 2618.246 GC heap before
{Heap before GC invocations=701 (full 16):
 PSYoungGen      total 4608K, used 4288K [0x00000000eab00000, 0x00000000eb380000, 0x0000000100000000)
  eden space 4096K, 100% used [0x00000000eab00000,0x00000000eaf00000,0x00000000eaf00000)
  from space 512K, 37% used [0x00000000eb280000,0x00000000eb2b0020,0x00000000eb300000)
  to   space 512K, 0% used [0x00000000eb300000,0x00000000eb300000,0x00000000eb380000)
 ParOldGen       total 71168K, used 59993K [0x00000000c0000000, 0x00000000c4580000, 0x00000000eab00000)
  object space 71168K, 84% used [0x00000000c0000000,0x00000000c3a964e8,0x00000000c4580000)
 Metaspace       used 87237K, committed 88576K, reserved 1179648K
  class space    used 9111K, committed 9728K, reserved 1048576K
}
Event: 2618.248 GC heap after
{Heap after GC invocations=701 (full 16):
 PSYoungGen      total 4608K, used 320K [0x00000000eab00000, 0x00000000eb380000, 0x0000000100000000)
  eden space 4096K, 0% used [0x00000000eab00000,0x00000000eab00000,0x00000000eaf00000)
  from space 512K, 62% used [0x00000000eb300000,0x00000000eb350000,0x00000000eb380000)
  to   space 512K, 0% used [0x00000000eb280000,0x00000000eb280000,0x00000000eb300000)
 ParOldGen       total 71168K, used 60112K [0x00000000c0000000, 0x00000000c4580000, 0x00000000eab00000)
  object space 71168K, 84% used [0x00000000c0000000,0x00000000c3ab4270,0x00000000c4580000)
 Metaspace       used 87237K, committed 88576K, reserved 1179648K
  class space    used 9111K, committed 9728K, reserved 1048576K
}
Event: 2618.307 GC heap before
{Heap before GC invocations=702 (full 16):
 PSYoungGen      total 4608K, used 4312K [0x00000000eab00000, 0x00000000eb380000, 0x0000000100000000)
  eden space 4096K, 97% used [0x00000000eab00000,0x00000000eaee6330,0x00000000eaf00000)
  from space 512K, 62% used [0x00000000eb300000,0x00000000eb350000,0x00000000eb380000)
  to   space 512K, 0% used [0x00000000eb280000,0x00000000eb280000,0x00000000eb300000)
 ParOldGen       total 71168K, used 60112K [0x00000000c0000000, 0x00000000c4580000, 0x00000000eab00000)
  object space 71168K, 84% used [0x00000000c0000000,0x00000000c3ab4270,0x00000000c4580000)
 Metaspace       used 87243K, committed 88576K, reserved 1179648K
  class space    used 9111K, committed 9728K, reserved 1048576K
}
Event: 2618.309 GC heap after
{Heap after GC invocations=702 (full 16):
 PSYoungGen      total 4608K, used 288K [0x00000000eab00000, 0x00000000eb380000, 0x0000000100000000)
  eden space 4096K, 0% used [0x00000000eab00000,0x00000000eab00000,0x00000000eaf00000)
  from space 512K, 56% used [0x00000000eb280000,0x00000000eb2c8000,0x00000000eb300000)
  to   space 512K, 0% used [0x00000000eb300000,0x00000000eb300000,0x00000000eb380000)
 ParOldGen       total 71168K, used 60408K [0x00000000c0000000, 0x00000000c4580000, 0x00000000eab00000)
  object space 71168K, 84% used [0x00000000c0000000,0x00000000c3afe270,0x00000000c4580000)
 Metaspace       used 87243K, committed 88576K, reserved 1179648K
  class space    used 9111K, committed 9728K, reserved 1048576K
}
Event: 2618.345 GC heap before
{Heap before GC invocations=703 (full 16):
 PSYoungGen      total 4608K, used 4127K [0x00000000eab00000, 0x00000000eb380000, 0x0000000100000000)
  eden space 4096K, 93% used [0x00000000eab00000,0x00000000eaebfff0,0x00000000eaf00000)
  from space 512K, 56% used [0x00000000eb280000,0x00000000eb2c8000,0x00000000eb300000)
  to   space 512K, 0% used [0x00000000eb300000,0x00000000eb300000,0x00000000eb380000)
 ParOldGen       total 71168K, used 60408K [0x00000000c0000000, 0x00000000c4580000, 0x00000000eab00000)
  object space 71168K, 84% used [0x00000000c0000000,0x00000000c3afe270,0x00000000c4580000)
 Metaspace       used 87243K, committed 88576K, reserved 1179648K
  class space    used 9111K, committed 9728K, reserved 1048576K
}
Event: 2618.347 GC heap after
{Heap after GC invocations=703 (full 16):
 PSYoungGen      total 4608K, used 231K [0x00000000eab00000, 0x00000000eb380000, 0x0000000100000000)
  eden space 4096K, 0% used [0x00000000eab00000,0x00000000eab00000,0x00000000eaf00000)
  from space 512K, 45% used [0x00000000eb300000,0x00000000eb339fe0,0x00000000eb380000)
  to   space 512K, 0% used [0x00000000eb280000,0x00000000eb280000,0x00000000eb300000)
 ParOldGen       total 71168K, used 60643K [0x00000000c0000000, 0x00000000c4580000, 0x00000000eab00000)
  object space 71168K, 85% used [0x00000000c0000000,0x00000000c3b38f60,0x00000000c4580000)
 Metaspace       used 87243K, committed 88576K, reserved 1179648K
  class space    used 9111K, committed 9728K, reserved 1048576K
}
Event: 2618.457 GC heap before
{Heap before GC invocations=704 (full 16):
 PSYoungGen      total 4608K, used 4315K [0x00000000eab00000, 0x00000000eb380000, 0x0000000100000000)
  eden space 4096K, 99% used [0x00000000eab00000,0x00000000eaefcdc8,0x00000000eaf00000)
  from space 512K, 45% used [0x00000000eb300000,0x00000000eb339fe0,0x00000000eb380000)
  to   space 512K, 0% used [0x00000000eb280000,0x00000000eb280000,0x00000000eb300000)
 ParOldGen       total 71168K, used 60643K [0x00000000c0000000, 0x00000000c4580000, 0x00000000eab00000)
  object space 71168K, 85% used [0x00000000c0000000,0x00000000c3b38f60,0x00000000c4580000)
 Metaspace       used 87248K, committed 88576K, reserved 1179648K
  class space    used 9111K, committed 9728K, reserved 1048576K
}
Event: 2618.460 GC heap after
{Heap after GC invocations=704 (full 16):
 PSYoungGen      total 4608K, used 505K [0x00000000eab00000, 0x00000000eb380000, 0x0000000100000000)
  eden space 4096K, 0% used [0x00000000eab00000,0x00000000eab00000,0x00000000eaf00000)
  from space 512K, 98% used [0x00000000eb280000,0x00000000eb2fe578,0x00000000eb300000)
  to   space 512K, 0% used [0x00000000eb300000,0x00000000eb300000,0x00000000eb380000)
 ParOldGen       total 71168K, used 61452K [0x00000000c0000000, 0x00000000c4580000, 0x00000000eab00000)
  object space 71168K, 86% used [0x00000000c0000000,0x00000000c3c032a0,0x00000000c4580000)
 Metaspace       used 87248K, committed 88576K, reserved 1179648K
  class space    used 9111K, committed 9728K, reserved 1048576K
}

Dll operation events (11 events):
Event: 0.022 Loaded shared library c:\Users\Odirlei Guilherme\.vscode\extensions\redhat.java-1.30.0-win32-x64\jre\17.0.10-win32-x86_64\bin\java.dll
Event: 0.322 Loaded shared library c:\Users\Odirlei Guilherme\.vscode\extensions\redhat.java-1.30.0-win32-x64\jre\17.0.10-win32-x86_64\bin\zip.dll
Event: 0.328 Loaded shared library C:\Users\Odirlei Guilherme\.vscode\extensions\redhat.java-1.30.0-win32-x64\jre\17.0.10-win32-x86_64\bin\instrument.dll
Event: 0.372 Loaded shared library C:\Users\Odirlei Guilherme\.vscode\extensions\redhat.java-1.30.0-win32-x64\jre\17.0.10-win32-x86_64\bin\net.dll
Event: 0.374 Loaded shared library C:\Users\Odirlei Guilherme\.vscode\extensions\redhat.java-1.30.0-win32-x64\jre\17.0.10-win32-x86_64\bin\nio.dll
Event: 0.404 Loaded shared library C:\Users\Odirlei Guilherme\.vscode\extensions\redhat.java-1.30.0-win32-x64\jre\17.0.10-win32-x86_64\bin\zip.dll
Event: 0.433 Loaded shared library C:\Users\Odirlei Guilherme\.vscode\extensions\redhat.java-1.30.0-win32-x64\jre\17.0.10-win32-x86_64\bin\jimage.dll
Event: 0.765 Loaded shared library c:\Users\Odirlei Guilherme\.vscode\extensions\redhat.java-1.30.0-win32-x64\jre\17.0.10-win32-x86_64\bin\verify.dll
Event: 4.225 Loaded shared library C:\Users\Odirlei Guilherme\AppData\Roaming\Code\User\globalStorage\redhat.java\1.30.0\config_win\org.eclipse.equinox.launcher\org.eclipse.equinox.launcher.win32.win32.x86_64_1.2.900.v20240213-1244\eclipse_11900.dll
Event: 15.538 Loaded shared library C:\Users\Odirlei Guilherme\AppData\Local\Temp\jna--1106761682\jna3697685291321808914.dll
Event: 380.739 Loaded shared library C:\Users\Odirlei Guilherme\.vscode\extensions\redhat.java-1.30.0-win32-x64\jre\17.0.10-win32-x86_64\bin\extnet.dll

Deoptimization events (20 events):
Event: 2618.339 Thread 0x0000027026784b80 Uncommon trap: trap_request=0xffffffd6 fr.pc=0x000002701690b6d0 relative=0x0000000000000230
Event: 2618.339 Thread 0x0000027026784b80 Uncommon trap: reason=array_check action=maybe_recompile pc=0x000002701690b6d0 method=java.util.LinkedHashMap.keysToArray([Ljava/lang/Object;)[Ljava/lang/Object; @ 25 c2
Event: 2618.339 Thread 0x0000027026784b80 DEOPT PACKING pc=0x000002701690b6d0 sp=0x000000d6289fde90
Event: 2618.339 Thread 0x0000027026784b80 DEOPT UNPACKING pc=0x000002701596669d sp=0x000000d6289fde18 mode 2
Event: 2618.340 Thread 0x0000027026784b80 Uncommon trap: trap_request=0xffffffd6 fr.pc=0x000002701690b6d0 relative=0x0000000000000230
Event: 2618.340 Thread 0x0000027026784b80 Uncommon trap: reason=array_check action=maybe_recompile pc=0x000002701690b6d0 method=java.util.LinkedHashMap.keysToArray([Ljava/lang/Object;)[Ljava/lang/Object; @ 25 c2
Event: 2618.340 Thread 0x0000027026784b80 DEOPT PACKING pc=0x000002701690b6d0 sp=0x000000d6289fde20
Event: 2618.340 Thread 0x0000027026784b80 DEOPT UNPACKING pc=0x000002701596669d sp=0x000000d6289fdda8 mode 2
Event: 2618.340 Thread 0x0000027026784b80 Uncommon trap: trap_request=0xffffffd6 fr.pc=0x000002701690b6d0 relative=0x0000000000000230
Event: 2618.340 Thread 0x0000027026784b80 Uncommon trap: reason=array_check action=maybe_recompile pc=0x000002701690b6d0 method=java.util.LinkedHashMap.keysToArray([Ljava/lang/Object;)[Ljava/lang/Object; @ 25 c2
Event: 2618.340 Thread 0x0000027026784b80 DEOPT PACKING pc=0x000002701690b6d0 sp=0x000000d6289fde80
Event: 2618.340 Thread 0x0000027026784b80 DEOPT UNPACKING pc=0x000002701596669d sp=0x000000d6289fde08 mode 2
Event: 2618.367 Thread 0x0000027026784b80 DEOPT PACKING pc=0x000002700f41c4a9 sp=0x000000d6289fe1e0
Event: 2618.367 Thread 0x0000027026784b80 DEOPT UNPACKING pc=0x0000027015966e24 sp=0x000000d6289fd668 mode 0
Event: 2618.431 Thread 0x0000027026784b80 DEOPT PACKING pc=0x000002700f41c4a9 sp=0x000000d6289fe1e0
Event: 2618.431 Thread 0x0000027026784b80 DEOPT UNPACKING pc=0x0000027015966e24 sp=0x000000d6289fd668 mode 0
Event: 2618.472 Thread 0x0000027026784b80 Uncommon trap: trap_request=0xffffff45 fr.pc=0x000002701634e264 relative=0x00000000000006a4
Event: 2618.472 Thread 0x0000027026784b80 Uncommon trap: reason=unstable_if action=reinterpret pc=0x000002701634e264 method=java.lang.String.replace(CC)Ljava/lang/String; @ 2 c2
Event: 2618.472 Thread 0x0000027026784b80 DEOPT PACKING pc=0x000002701634e264 sp=0x000000d6289fdbe0
Event: 2618.472 Thread 0x0000027026784b80 DEOPT UNPACKING pc=0x000002701596669d sp=0x000000d6289fdb88 mode 2

Classes unloaded (20 events):
Event: 2168.814 Thread 0x000002700b7fe990 Unloading class 0x0000000100129000 'jdk/internal/reflect/GeneratedMethodAccessor5'
Event: 2168.814 Thread 0x000002700b7fe990 Unloading class 0x0000000100128c00 'jdk/internal/reflect/GeneratedMethodAccessor4'
Event: 2168.814 Thread 0x000002700b7fe990 Unloading class 0x0000000100128800 'jdk/internal/reflect/GeneratedMethodAccessor3'
Event: 2168.814 Thread 0x000002700b7fe990 Unloading class 0x0000000100128400 'jdk/internal/reflect/GeneratedMethodAccessor2'
Event: 2168.814 Thread 0x000002700b7fe990 Unloading class 0x0000000100128000 'jdk/internal/reflect/GeneratedMethodAccessor1'
Event: 2310.211 Thread 0x000002700b7fe990 Unloading class 0x00000001005da800 'java/lang/invoke/LambdaForm$MH+0x00000001005da800'
Event: 2310.211 Thread 0x000002700b7fe990 Unloading class 0x00000001005da400 'java/lang/invoke/LambdaForm$MH+0x00000001005da400'
Event: 2310.211 Thread 0x000002700b7fe990 Unloading class 0x00000001005da000 'java/lang/invoke/LambdaForm$MH+0x00000001005da000'
Event: 2310.211 Thread 0x000002700b7fe990 Unloading class 0x00000001005d8c00 'java/lang/invoke/LambdaForm$MH+0x00000001005d8c00'
Event: 2310.211 Thread 0x000002700b7fe990 Unloading class 0x00000001005d8800 'java/lang/invoke/LambdaForm$MH+0x00000001005d8800'
Event: 2310.211 Thread 0x000002700b7fe990 Unloading class 0x0000000100270c00 'java/lang/invoke/LambdaForm$MH+0x0000000100270c00'
Event: 2310.211 Thread 0x000002700b7fe990 Unloading class 0x0000000100270800 'java/lang/invoke/LambdaForm$MH+0x0000000100270800'
Event: 2310.211 Thread 0x000002700b7fe990 Unloading class 0x00000001001b1c00 'java/lang/invoke/LambdaForm$MH+0x00000001001b1c00'
Event: 2310.211 Thread 0x000002700b7fe990 Unloading class 0x00000001001b1800 'java/lang/invoke/LambdaForm$MH+0x00000001001b1800'
Event: 2310.211 Thread 0x000002700b7fe990 Unloading class 0x00000001001b1400 'java/lang/invoke/LambdaForm$MH+0x00000001001b1400'
Event: 2310.211 Thread 0x000002700b7fe990 Unloading class 0x00000001001b1000 'java/lang/invoke/LambdaForm$MH+0x00000001001b1000'
Event: 2310.211 Thread 0x000002700b7fe990 Unloading class 0x00000001001b0c00 'java/lang/invoke/LambdaForm$MH+0x00000001001b0c00'
Event: 2310.211 Thread 0x000002700b7fe990 Unloading class 0x00000001001b0800 'java/lang/invoke/LambdaForm$MH+0x00000001001b0800'
Event: 2310.211 Thread 0x000002700b7fe990 Unloading class 0x00000001001b0400 'java/lang/invoke/LambdaForm$MH+0x00000001001b0400'
Event: 2310.211 Thread 0x000002700b7fe990 Unloading class 0x00000001001b0000 'java/lang/invoke/LambdaForm$MH+0x00000001001b0000'

Classes redefined (0 events):
No events

Internal exceptions (20 events):
Event: 2542.408 Thread 0x00000270267809b0 Exception <a 'java/lang/ArrayIndexOutOfBoundsException'{0x00000000eab94fa0}> (0x00000000eab94fa0) 
thrown [s\src\hotspot\share\runtime\sharedRuntime.cpp, line 631]
Event: 2542.408 Thread 0x00000270267809b0 Exception <a 'java/lang/ArrayIndexOutOfBoundsException'{0x00000000eab95868}> (0x00000000eab95868) 
thrown [s\src\hotspot\share\runtime\sharedRuntime.cpp, line 631]
Event: 2542.408 Thread 0x00000270267809b0 Exception <a 'java/lang/ArrayIndexOutOfBoundsException'{0x00000000eab95c00}> (0x00000000eab95c00) 
thrown [s\src\hotspot\share\runtime\sharedRuntime.cpp, line 631]
Event: 2544.336 Thread 0x00000270267809b0 Exception <a 'java/lang/ArrayIndexOutOfBoundsException'{0x00000000eabb2988}> (0x00000000eabb2988) 
thrown [s\src\hotspot\share\runtime\sharedRuntime.cpp, line 631]
Event: 2544.336 Thread 0x00000270267809b0 Exception <a 'java/lang/ArrayIndexOutOfBoundsException'{0x00000000eabb2fc8}> (0x00000000eabb2fc8) 
thrown [s\src\hotspot\share\runtime\sharedRuntime.cpp, line 631]
Event: 2544.336 Thread 0x00000270267809b0 Exception <a 'java/lang/ArrayIndexOutOfBoundsException'{0x00000000eabb35c8}> (0x00000000eabb35c8) 
thrown [s\src\hotspot\share\runtime\sharedRuntime.cpp, line 631]
Event: 2560.950 Thread 0x00000270267809b0 Exception <a 'java/lang/ArrayIndexOutOfBoundsException'{0x00000000eab4bce0}> (0x00000000eab4bce0) 
thrown [s\src\hotspot\share\runtime\sharedRuntime.cpp, line 631]
Event: 2560.950 Thread 0x00000270267809b0 Exception <a 'java/lang/ArrayIndexOutOfBoundsException'{0x00000000eab4c320}> (0x00000000eab4c320) 
thrown [s\src\hotspot\share\runtime\sharedRuntime.cpp, line 631]
Event: 2560.950 Thread 0x00000270267809b0 Exception <a 'java/lang/ArrayIndexOutOfBoundsException'{0x00000000eab4d728}> (0x00000000eab4d728) 
thrown [s\src\hotspot\share\runtime\sharedRuntime.cpp, line 631]
Event: 2567.270 Thread 0x00000270267809b0 Exception <a 'java/lang/ArrayIndexOutOfBoundsException'{0x00000000eab4a9a8}> (0x00000000eab4a9a8) 
thrown [s\src\hotspot\share\runtime\sharedRuntime.cpp, line 631]
Event: 2567.270 Thread 0x00000270267809b0 Exception <a 'java/lang/ArrayIndexOutOfBoundsException'{0x00000000eab4b288}> (0x00000000eab4b288) 
thrown [s\src\hotspot\share\runtime\sharedRuntime.cpp, line 631]
Event: 2567.270 Thread 0x00000270267809b0 Exception <a 'java/lang/ArrayIndexOutOfBoundsException'{0x00000000eab4b620}> (0x00000000eab4b620) 
thrown [s\src\hotspot\share\runtime\sharedRuntime.cpp, line 631]
Event: 2569.829 Thread 0x00000270267809b0 Exception <a 'java/lang/ArrayIndexOutOfBoundsException'{0x00000000eac0d100}> (0x00000000eac0d100) 
thrown [s\src\hotspot\share\runtime\sharedRuntime.cpp, line 631]
Event: 2569.829 Thread 0x00000270267809b0 Exception <a 'java/lang/ArrayIndexOutOfBoundsException'{0x00000000eac0d740}> (0x00000000eac0d740) 
thrown [s\src\hotspot\share\runtime\sharedRuntime.cpp, line 631]
Event: 2569.829 Thread 0x00000270267809b0 Exception <a 'java/lang/ArrayIndexOutOfBoundsException'{0x00000000eac0dad8}> (0x00000000eac0dad8) 
thrown [s\src\hotspot\share\runtime\sharedRuntime.cpp, line 631]
Event: 2617.920 Thread 0x00000270267855a0 Implicit null exception at 0x0000027016571ba4 to 0x0000027016571d40
Event: 2617.921 Thread 0x00000270267855a0 Implicit null exception at 0x0000027016550538 to 0x0000027016556e3c
Event: 2617.921 Thread 0x00000270267855a0 Implicit null exception at 0x0000027016605b60 to 0x0000027016607590
Event: 2617.921 Thread 0x00000270267855a0 Implicit null exception at 0x00000270163b694c to 0x00000270163b895c
Event: 2617.921 Thread 0x00000270267855a0 Implicit null exception at 0x000002701640bc18 to 0x000002701640cbc8

VM Operations (20 events):
Event: 2617.993 Executing VM operation: ParallelGCFailedAllocation
Event: 2617.998 Executing VM operation: ParallelGCFailedAllocation done
Event: 2618.058 Executing VM operation: ParallelGCFailedAllocation
Event: 2618.060 Executing VM operation: ParallelGCFailedAllocation done
Event: 2618.079 Executing VM operation: ParallelGCFailedAllocation
Event: 2618.080 Executing VM operation: ParallelGCFailedAllocation done
Event: 2618.095 Executing VM operation: ParallelGCFailedAllocation
Event: 2618.098 Executing VM operation: ParallelGCFailedAllocation done
Event: 2618.170 Executing VM operation: ParallelGCFailedAllocation
Event: 2618.186 Executing VM operation: ParallelGCFailedAllocation done
Event: 2618.205 Executing VM operation: ParallelGCFailedAllocation
Event: 2618.208 Executing VM operation: ParallelGCFailedAllocation done
Event: 2618.246 Executing VM operation: ParallelGCFailedAllocation
Event: 2618.248 Executing VM operation: ParallelGCFailedAllocation done
Event: 2618.290 Executing VM operation: ParallelGCFailedAllocation
Event: 2618.309 Executing VM operation: ParallelGCFailedAllocation done
Event: 2618.345 Executing VM operation: ParallelGCFailedAllocation
Event: 2618.347 Executing VM operation: ParallelGCFailedAllocation done
Event: 2618.457 Executing VM operation: ParallelGCFailedAllocation
Event: 2618.460 Executing VM operation: ParallelGCFailedAllocation done

Events (20 events):
Event: 2613.561 Thread 0x0000027026784b80 Thread exited: 0x0000027026784b80
Event: 2613.614 Thread 0x0000027026784b80 Thread added: 0x0000027026784b80
Event: 2613.614 Thread 0x0000027026780ec0 Thread added: 0x0000027026780ec0
Event: 2613.620 Thread 0x0000027026780ec0 Thread exited: 0x0000027026780ec0
Event: 2613.626 Thread 0x0000027026784b80 Thread exited: 0x0000027026784b80
Event: 2613.715 Thread 0x0000027026784b80 Thread added: 0x0000027026784b80
Event: 2613.717 Thread 0x0000027026785090 Thread added: 0x0000027026785090
Event: 2613.719 Thread 0x00000270267864d0 Thread added: 0x00000270267864d0
Event: 2613.749 Thread 0x0000027026785090 Thread exited: 0x0000027026785090
Event: 2613.749 Thread 0x0000027026784b80 Thread exited: 0x0000027026784b80
Event: 2613.749 Thread 0x00000270267864d0 Thread exited: 0x00000270267864d0
Event: 2613.761 Thread 0x000002702677ff90 Thread added: 0x000002702677ff90
Event: 2613.771 Thread 0x000002702677ff90 Thread exited: 0x000002702677ff90
Event: 2614.243 Thread 0x0000027026784b80 Thread added: 0x0000027026784b80
Event: 2614.254 Thread 0x0000027026784b80 Thread exited: 0x0000027026784b80
Event: 2614.613 Thread 0x0000027026780ec0 Thread added: 0x0000027026780ec0
Event: 2614.616 Thread 0x0000027026780ec0 Thread exited: 0x0000027026780ec0
Event: 2617.663 loading class java/util/Collections$EmptyListIterator
Event: 2617.664 loading class java/util/Collections$EmptyListIterator done
Event: 2618.165 Thread 0x0000027026784b80 Thread added: 0x0000027026784b80


Dynamic libraries:
0x00007ff6aa7b0000 - 0x00007ff6aa7be000 	c:\Users\Odirlei Guilherme\.vscode\extensions\redhat.java-1.30.0-win32-x64\jre\17.0.10-win32-x86_64\bin\java.exe
0x00007ffc3b250000 - 0x00007ffc3b448000 	C:\Windows\SYSTEM32\ntdll.dll
0x00007ffc39c50000 - 0x00007ffc39d0d000 	C:\Windows\System32\KERNEL32.DLL
0x00007ffc38da0000 - 0x00007ffc39096000 	C:\Windows\System32\KERNELBASE.dll
0x00007ffc38ca0000 - 0x00007ffc38da0000 	C:\Windows\System32\ucrtbase.dll
0x00007ffc2e990000 - 0x00007ffc2e9a7000 	c:\Users\Odirlei Guilherme\.vscode\extensions\redhat.java-1.30.0-win32-x64\jre\17.0.10-win32-x86_64\bin\jli.dll
0x00007ffc3ae70000 - 0x00007ffc3b00f000 	C:\Windows\System32\USER32.dll
0x00007ffc38c70000 - 0x00007ffc38c92000 	C:\Windows\System32\win32u.dll
0x00007ffc3ae40000 - 0x00007ffc3ae6b000 	C:\Windows\System32\GDI32.dll
0x00007ffc389a0000 - 0x00007ffc38ab7000 	C:\Windows\System32\gdi32full.dll
0x00007ffc38900000 - 0x00007ffc3899d000 	C:\Windows\System32\msvcp_win.dll
0x00007ffc2e6b0000 - 0x00007ffc2e6cb000 	c:\Users\Odirlei Guilherme\.vscode\extensions\redhat.java-1.30.0-win32-x64\jre\17.0.10-win32-x86_64\bin\VCRUNTIME140.dll
0x00007ffc27ae0000 - 0x00007ffc27d7a000 	C:\Windows\WinSxS\amd64_microsoft.windows.common-controls_6595b64144ccf1df_6.0.19041.3636_none_60b6a03d71f818d5\COMCTL32.dll
0x00007ffc3ada0000 - 0x00007ffc3ae3e000 	C:\Windows\System32\msvcrt.dll
0x00007ffc3a710000 - 0x00007ffc3a742000 	C:\Windows\System32\IMM32.DLL
0x00007ffc33ea0000 - 0x00007ffc33eac000 	c:\Users\Odirlei Guilherme\.vscode\extensions\redhat.java-1.30.0-win32-x64\jre\17.0.10-win32-x86_64\bin\vcruntime140_1.dll
0x00007ffc20380000 - 0x00007ffc2040d000 	c:\Users\Odirlei Guilherme\.vscode\extensions\redhat.java-1.30.0-win32-x64\jre\17.0.10-win32-x86_64\bin\msvcp140.dll
0x00007ffc041a0000 - 0x00007ffc04e02000 	c:\Users\Odirlei Guilherme\.vscode\extensions\redhat.java-1.30.0-win32-x64\jre\17.0.10-win32-x86_64\bin\server\jvm.dll
0x00007ffc3acf0000 - 0x00007ffc3ada0000 	C:\Windows\System32\ADVAPI32.dll
0x00007ffc39280000 - 0x00007ffc39320000 	C:\Windows\System32\sechost.dll
0x00007ffc3b0e0000 - 0x00007ffc3b203000 	C:\Windows\System32\RPCRT4.dll
0x00007ffc39250000 - 0x00007ffc39277000 	C:\Windows\System32\bcrypt.dll
0x00007ffc38760000 - 0x00007ffc387ab000 	C:\Windows\SYSTEM32\POWRPROF.dll
0x00007ffc31e20000 - 0x00007ffc31e29000 	C:\Windows\SYSTEM32\WSOCK32.dll
0x00007ffc39be0000 - 0x00007ffc39c4b000 	C:\Windows\System32\WS2_32.dll
0x00007ffc32790000 - 0x00007ffc327b7000 	C:\Windows\SYSTEM32\WINMM.dll
0x00007ffc327c0000 - 0x00007ffc327ca000 	C:\Windows\SYSTEM32\VERSION.dll
0x00007ffc38740000 - 0x00007ffc38752000 	C:\Windows\SYSTEM32\UMPDC.dll
0x00007ffc367b0000 - 0x00007ffc367c2000 	C:\Windows\SYSTEM32\kernel.appcore.dll
0x00007ffc32310000 - 0x00007ffc3231a000 	c:\Users\Odirlei Guilherme\.vscode\extensions\redhat.java-1.30.0-win32-x64\jre\17.0.10-win32-x86_64\bin\jimage.dll
0x00007ffc22800000 - 0x00007ffc229e4000 	C:\Windows\SYSTEM32\DBGHELP.DLL
0x00007ffc227c0000 - 0x00007ffc227f4000 	C:\Windows\SYSTEM32\dbgcore.DLL
0x00007ffc38ac0000 - 0x00007ffc38b42000 	C:\Windows\System32\bcryptPrimitives.dll
0x00007ffc322e0000 - 0x00007ffc322ee000 	c:\Users\Odirlei Guilherme\.vscode\extensions\redhat.java-1.30.0-win32-x64\jre\17.0.10-win32-x86_64\bin\instrument.dll
0x00007ffc25c80000 - 0x00007ffc25ca5000 	c:\Users\Odirlei Guilherme\.vscode\extensions\redhat.java-1.30.0-win32-x64\jre\17.0.10-win32-x86_64\bin\java.dll
0x00007ffc25670000 - 0x00007ffc25688000 	c:\Users\Odirlei Guilherme\.vscode\extensions\redhat.java-1.30.0-win32-x64\jre\17.0.10-win32-x86_64\bin\zip.dll
0x00007ffc39ec0000 - 0x00007ffc3a62b000 	C:\Windows\System32\SHELL32.dll
0x00007ffc369b0000 - 0x00007ffc3714e000 	C:\Windows\SYSTEM32\windows.storage.dll
0x00007ffc3a860000 - 0x00007ffc3abb3000 	C:\Windows\System32\combase.dll
0x00007ffc38260000 - 0x00007ffc3828e000 	C:\Windows\SYSTEM32\Wldp.dll
0x00007ffc3b010000 - 0x00007ffc3b0dd000 	C:\Windows\System32\OLEAUT32.dll
0x00007ffc3a750000 - 0x00007ffc3a7fd000 	C:\Windows\System32\SHCORE.dll
0x00007ffc39b70000 - 0x00007ffc39bc5000 	C:\Windows\System32\shlwapi.dll
0x00007ffc38830000 - 0x00007ffc38853000 	C:\Windows\SYSTEM32\profapi.dll
0x00007ffc2e550000 - 0x00007ffc2e569000 	C:\Users\Odirlei Guilherme\.vscode\extensions\redhat.java-1.30.0-win32-x64\jre\17.0.10-win32-x86_64\bin\net.dll
0x00007ffc31ca0000 - 0x00007ffc31daa000 	C:\Windows\SYSTEM32\WINHTTP.dll
0x00007ffc37fc0000 - 0x00007ffc3802a000 	C:\Windows\system32\mswsock.dll
0x00007ffc25560000 - 0x00007ffc25576000 	C:\Users\Odirlei Guilherme\.vscode\extensions\redhat.java-1.30.0-win32-x64\jre\17.0.10-win32-x86_64\bin\nio.dll
0x00007ffc34340000 - 0x00007ffc34350000 	c:\Users\Odirlei Guilherme\.vscode\extensions\redhat.java-1.30.0-win32-x64\jre\17.0.10-win32-x86_64\bin\verify.dll
0x00007ffc23530000 - 0x00007ffc2356e000 	C:\Users\Odirlei Guilherme\AppData\Roaming\Code\User\globalStorage\redhat.java\1.30.0\config_win\org.eclipse.equinox.launcher\org.eclipse.equinox.launcher.win32.win32.x86_64_1.2.900.v20240213-1244\eclipse_11900.dll
0x00007ffc3abc0000 - 0x00007ffc3aceb000 	C:\Windows\System32\ole32.dll
0x00007ffc381b0000 - 0x00007ffc381c8000 	C:\Windows\SYSTEM32\CRYPTSP.dll
0x00007ffc378e0000 - 0x00007ffc37914000 	C:\Windows\system32\rsaenh.dll
0x00007ffc387f0000 - 0x00007ffc3881e000 	C:\Windows\SYSTEM32\USERENV.dll
0x00007ffc381d0000 - 0x00007ffc381dc000 	C:\Windows\SYSTEM32\CRYPTBASE.dll
0x00007ffc37ca0000 - 0x00007ffc37cdb000 	C:\Windows\SYSTEM32\IPHLPAPI.DLL
0x00007ffc39bd0000 - 0x00007ffc39bd8000 	C:\Windows\System32\NSI.dll
0x00007ffc324e0000 - 0x00007ffc324f7000 	C:\Windows\SYSTEM32\dhcpcsvc6.DLL
0x00007ffc32be0000 - 0x00007ffc32bfd000 	C:\Windows\SYSTEM32\dhcpcsvc.DLL
0x00007ffc37ce0000 - 0x00007ffc37dab000 	C:\Windows\SYSTEM32\DNSAPI.dll
0x00007ffc21e00000 - 0x00007ffc21e45000 	C:\Users\Odirlei Guilherme\AppData\Local\Temp\jna--1106761682\jna3697685291321808914.dll
0x00007ffc39550000 - 0x00007ffc39558000 	C:\Windows\System32\PSAPI.DLL
0x00007ffc21f80000 - 0x00007ffc21f89000 	C:\Users\Odirlei Guilherme\.vscode\extensions\redhat.java-1.30.0-win32-x64\jre\17.0.10-win32-x86_64\bin\extnet.dll

dbghelp: loaded successfully - version: 4.0.5 - missing functions: none
symbol engine: initialized successfully - sym options: 0x614 - pdb path: .;c:\Users\Odirlei Guilherme\.vscode\extensions\redhat.java-1.30.0-win32-x64\jre\17.0.10-win32-x86_64\bin;C:\Windows\SYSTEM32;C:\Windows\WinSxS\amd64_microsoft.windows.common-controls_6595b64144ccf1df_6.0.19041.3636_none_60b6a03d71f818d5;c:\Users\Odirlei Guilherme\.vscode\extensions\redhat.java-1.30.0-win32-x64\jre\17.0.10-win32-x86_64\bin\server;C:\Users\Odirlei Guilherme\AppData\Roaming\Code\User\globalStorage\redhat.java\1.30.0\config_win\org.eclipse.equinox.launcher\org.eclipse.equinox.launcher.win32.win32.x86_64_1.2.900.v20240213-1244;C:\Users\Odirlei Guilherme\AppData\Local\Temp\jna--1106761682

VM Arguments:
jvm_args: --add-modules=ALL-SYSTEM --add-opens=java.base/java.util=ALL-UNNAMED --add-opens=java.base/java.lang=ALL-UNNAMED --add-opens=java.base/sun.nio.fs=ALL-UNNAMED -Declipse.application=org.eclipse.jdt.ls.core.id1 -Dosgi.bundles.defaultStartLevel=4 -Declipse.product=org.eclipse.jdt.ls.core.product -Djava.import.generatesMetadataFilesAtProjectRoot=false -DDetectVMInstallationsJob.disabled=true -Dfile.encoding=utf8 -XX:+UseParallelGC -XX:GCTimeRatio=4 -XX:AdaptiveSizePolicyWeight=90 -Dsun.zip.disableMemoryMapping=true -Xmx1G -Xms100m -Xlog:disable -javaagent:c:\Users\Odirlei Guilherme\.vscode\extensions\redhat.java-1.30.0-win32-x64\lombok\lombok-1.18.32.jar -XX:+HeapDumpOnOutOfMemoryError -XX:HeapDumpPath=c:\Users\Odirlei Guilherme\AppData\Roaming\Code\User\workspaceStorage\7bdc340cdfadbda19c5ded9333dd77da\redhat.java -Daether.dependencyCollector.impl=bf 
java_command: c:\Users\Odirlei Guilherme\.vscode\extensions\redhat.java-1.30.0-win32-x64\server\plugins\org.eclipse.equinox.launcher_1.6.800.v20240330-1250.jar -configuration c:\Users\Odirlei Guilherme\AppData\Roaming\Code\User\globalStorage\redhat.java\1.30.0\config_win -data c:\Users\Odirlei Guilherme\AppData\Roaming\Code\User\workspaceStorage\7bdc340cdfadbda19c5ded9333dd77da\redhat.java\jdt_ws --pipe=\\.\pipe\lsp-f85d921a1eab905a2b13e55922b4d70e-sock
java_class_path (initial): c:\Users\Odirlei Guilherme\.vscode\extensions\redhat.java-1.30.0-win32-x64\server\plugins\org.eclipse.equinox.launcher_1.6.800.v20240330-1250.jar
Launcher Type: SUN_STANDARD

[Global flags]
    uintx AdaptiveSizePolicyWeight                 = 90                                        {product} {command line}
     intx CICompilerCount                          = 2                                         {product} {ergonomic}
    uintx GCTimeRatio                              = 4                                         {product} {command line}
     bool HeapDumpOnOutOfMemoryError               = true                                   {manageable} {command line}
    ccstr HeapDumpPath                             = c:\Users\Odirlei Guilherme\AppData\Roaming\Code\User\workspaceStorage\7bdc340cdfadbda19c5ded9333dd77da\redhat.java         {manageable} {command line}
   size_t InitialHeapSize                          = 104857600                                 {product} {command line}
   size_t MaxHeapSize                              = 1073741824                                {product} {command line}
   size_t MaxNewSize                               = 357564416                                 {product} {ergonomic}
   size_t MinHeapDeltaBytes                        = 524288                                    {product} {ergonomic}
   size_t MinHeapSize                              = 104857600                                 {product} {command line}
   size_t NewSize                                  = 34603008                                  {product} {ergonomic}
    uintx NonNMethodCodeHeapSize                   = 5826188                                {pd product} {ergonomic}
    uintx NonProfiledCodeHeapSize                  = 122916026                              {pd product} {ergonomic}
   size_t OldSize                                  = 70254592                                  {product} {ergonomic}
    uintx ProfiledCodeHeapSize                     = 122916026                              {pd product} {ergonomic}
    uintx ReservedCodeCacheSize                    = 251658240                              {pd product} {ergonomic}
     bool SegmentedCodeCache                       = true                                      {product} {ergonomic}
   size_t SoftMaxHeapSize                          = 1073741824                             {manageable} {ergonomic}
     bool UseCompressedClassPointers               = true                           {product lp64_product} {ergonomic}
     bool UseCompressedOops                        = true                           {product lp64_product} {ergonomic}
     bool UseLargePagesIndividualAllocation        = false                                  {pd product} {ergonomic}
     bool UseParallelGC                            = true                                      {product} {command line}

Logging:
Log output configuration:
 #0: stdout all=off uptime,level,tags
 #1: stderr all=off uptime,level,tags

Environment Variables:
PATH=C:\Program Files\Common Files\Oracle\Java\javapath;C:\Program Files (x86)\Common Files\Oracle\Java\java8path;C:\Program Files (x86)\Common Files\Oracle\Java\javapath;C:\Windows\system32;C:\Windows;C:\Windows\System32\Wbem;C:\Windows\System32\WindowsPowerShell\v1.0\;C:\Windows\System32\OpenSSH\;C:\Program Files (x86)\ATI Technologies\ATI.ACE\Core-Static;C:\Program Files\Git\cmd;C:\Program Files\dotnet\;C:\Users\Odirlei Guilherme\AppData\Local\Microsoft\WindowsApps;C:\Users\Odirlei Guilherme\AppData\Local\Programs\Microsoft VS Code\bin;C:\Users\Odirlei Guilherme\AppData\Local\GitHubDesktop\bin;C:\Users\Odirlei Guilherme\.dotnet\tools
USERNAME=Odirlei Guilherme
OS=Windows_NT
PROCESSOR_IDENTIFIER=AMD64 Family 16 Model 6 Stepping 3, AuthenticAMD
TMP=C:\Users\ODIRLE~1\AppData\Local\Temp
TEMP=C:\Users\ODIRLE~1\AppData\Local\Temp



Periodic native trim disabled


---------------  S Y S T E M  ---------------

OS:
 Windows 10 , 64 bit Build 19041 (10.0.19041.3636)
OS uptime: 2 days 0:54 hours

CPU: total 2 (initial active 2) (2 cores per cpu, 1 threads per core) family 16 model 6 stepping 3 microcode 0x0, cx8, cmov, fxsr, mmx, 3dnowpref, sse, sse2, sse3, sse4a, popcnt, lzcnt, tsc, tscinvbit, clflush
Processor Information for all 2 processors :
  Max Mhz: 3000, Current Mhz: 3000, Mhz Limit: 3000

Memory: 4k page, system-wide physical 6142M (2129M free)
TotalPageFile size 7626M (AvailPageFile size 2061M)
current process WorkingSet (physical memory assigned to process): 294M, peak: 309M
current process commit charge ("private bytes"): 326M, peak: 341M

vm_info: OpenJDK 64-Bit Server VM (17.0.10+7) for windows-amd64 JRE (17.0.10+7), built on Jan 16 2024 23:25:11 by "admin" with MS VC++ 16.10 / 16.11 (VS2019)

END.
